          -----------  Info (2019-05-29 15:19:15.3797) -----------  
        Additional Info: HOME : INDEX { responseStatusCode = 200 } { requestExecutedTime = 00:00:00.1469173 } { requestUrl = http://localhost:49621/en/home/index } { requestQuery = {} } { requestForm = {} } 
                 
          -----------  Info (2019-05-29 15:19:19.8177) -----------  
        Additional Info: HOME : INDEX { responseStatusCode = 200 } { requestExecutedTime = 00:00:00 } { requestUrl = http://localhost:49621/ru/home/index } { requestQuery = {} } { requestForm = {} } 
                 
          -----------  Info (2019-05-29 15:19:29.1827) -----------  
        Additional Info: HOME : INDEX { responseStatusCode = 200 } { requestExecutedTime = 00:00:00 } { requestUrl = http://localhost:49621/ru/home/index } { requestQuery = {} } { requestForm = {} } 
                 
          -----------  Info (2019-05-29 15:21:45.4465) -----------  
        Additional Info: HOME : INDEX { responseStatusCode = 200 } { requestExecutedTime = 00:00:00.1469054 } { requestUrl = http://localhost:49621/en/home/index } { requestQuery = {} } { requestForm = {} } 
                 
          -----------  Info (2019-05-29 15:21:48.7641) -----------  
        Additional Info: HOME : INDEX { responseStatusCode = 200 } { requestExecutedTime = 00:00:00.0419666 } { requestUrl = http://localhost:49621/ru/home/index } { requestQuery = {} } { requestForm = {} } 
                 
          -----------  Info (2019-05-29 15:21:58.1365) -----------  
        Additional Info: HOME : INDEX { responseStatusCode = 200 } { requestExecutedTime = 00:00:00 } { requestUrl = http://localhost:49621/en/home/index } { requestQuery = {} } { requestForm = {} } 
                 
          -----------  Info (2019-05-29 15:22:04.5610) -----------  
        Additional Info: HOME : INDEX { responseStatusCode = 200 } { requestExecutedTime = 00:00:00 } { requestUrl = http://localhost:49621/ru/home/index } { requestQuery = {} } { requestForm = {} } 
                 
          -----------  Info (2019-05-29 15:22:36.4446) -----------  
        Additional Info: HOME : INDEX { responseStatusCode = 200 } { requestExecutedTime = 00:00:00.1499248 } { requestUrl = http://localhost:49621/ru/home/index } { requestQuery = {} } { requestForm = {} } 
                 
          -----------  Info (2019-05-29 15:22:40.6097) -----------  
        Additional Info: HOME : INDEX { responseStatusCode = 200 } { requestExecutedTime = 00:00:00.0029976 } { requestUrl = http://localhost:49621/en/home/index } { requestQuery = {} } { requestForm = {} } 
                 
          -----------  Info (2019-05-29 15:24:20.8002) -----------  
        Additional Info: HOME : INDEX { responseStatusCode = 200 } { requestExecutedTime = 00:00:00.1659035 } { requestUrl = http://localhost:49621/ } { requestQuery = {} } { requestForm = {} } 
                 
          -----------  Info (2019-05-29 15:24:40.0223) -----------  
        Additional Info: HOME : INDEX { responseStatusCode = 200 } { requestExecutedTime = 00:00:00.0520462 } { requestUrl = http://localhost:49621/ru/home/index } { requestQuery = {} } { requestForm = {} } 
                 
          -----------  Info (2019-05-29 15:29:44.5749) -----------  
        Additional Info: HOME : INDEX { responseStatusCode = 200 } { requestExecutedTime = 00:00:00.1549287 } { requestUrl = http://localhost:49621/ } { requestQuery = {} } { requestForm = {} } 
                 
          -----------  Info (2019-05-29 15:32:09.9878) -----------  
        Additional Info: HOME : INDEX { responseStatusCode = 200 } { requestExecutedTime = 00:00:00.1619067 } { requestUrl = http://localhost:49621/ } { requestQuery = {} } { requestForm = {} } 
                 
          -----------  Info (2019-05-29 15:32:19.5412) -----------  
        Additional Info: HOME : INDEX { responseStatusCode = 200 } { requestExecutedTime = 00:00:00.0290479 } { requestUrl = http://localhost:49621/ru/home/index } { requestQuery = {} } { requestForm = {} } 
                 
          -----------  Info (2019-05-29 15:32:32.1049) -----------  
        Additional Info: HOME : INDEX { responseStatusCode = 200 } { requestExecutedTime = 00:00:00.0009828 } { requestUrl = http://localhost:49621/ru/home/index } { requestQuery = {} } { requestForm = {} } 
                 
          -----------  Info (2019-05-29 15:32:40.8307) -----------  
        Additional Info: HOME : INDEX { responseStatusCode = 200 } { requestExecutedTime = 00:00:00 } { requestUrl = http://localhost:49621/en/home/index } { requestQuery = {} } { requestForm = {} } 
                 
          -----------  Info (2019-05-29 15:35:29.0046) -----------  
        Additional Info: HOME : INDEX { responseStatusCode = 200 } { requestExecutedTime = 00:00:00.1479154 } { requestUrl = http://localhost:49621/ } { requestQuery = {} } { requestForm = {} } 
                 
          -----------  Info (2019-05-29 15:35:38.1018) -----------  
        Additional Info: HOME : INDEX { responseStatusCode = 200 } { requestExecutedTime = 00:00:00.0220192 } { requestUrl = http://localhost:49621/ru/home/index } { requestQuery = {} } { requestForm = {} } 
                 
          -----------  Info (2019-05-29 15:35:42.1352) -----------  
        Additional Info: HOME : INDEX { responseStatusCode = 200 } { requestExecutedTime = 00:00:00 } { requestUrl = http://localhost:49621/home/index } { requestQuery = {} } { requestForm = {} } 
                 
