          -----------  Info (2019-06-03 13:16:30.3384) -----------  
        Additional Info: CABINET : INDEX { responseStatusCode = 200 } { requestExecutedTime = 00:00:00.0049978 } { requestUrl = http://localhost:49621/en/Cabinet } { requestQuery = {} } { requestForm = {} } 
                 
          -----------  Info (2019-06-03 13:16:32.2097) -----------  
        Additional Info: CART : CARTPRODUCTSCOUNT { responseStatusCode = 200 } { requestExecutedTime = 00:00:00 } { requestUrl = http://localhost:49621/en/Cabinet } { requestQuery = {} } { requestForm = {} } 
                 
          -----------  Info (2019-06-03 13:16:32.2097) -----------  
        Additional Info: CABINET : INDEX { responseStatusCode = 200 } { requestExecutedTime = 00:00:00.0029980 } { requestUrl = http://localhost:49621/en/Cabinet } { requestQuery = {} } { requestForm = {} } 
                 
          -----------  Info (2019-06-03 13:16:39.4828) -----------  
        Additional Info: CART : CARTPRODUCTSCOUNT { responseStatusCode = 200 } { requestExecutedTime = 00:00:00.0009991 } { requestUrl = http://localhost:49621/en/Cabinet } { requestQuery = {} } { requestForm = {} } 
                 
          -----------  Info (2019-06-03 13:16:39.4828) -----------  
        Additional Info: CABINET : INDEX { responseStatusCode = 200 } { requestExecutedTime = 00:00:00.0099968 } { requestUrl = http://localhost:49621/en/Cabinet } { requestQuery = {} } { requestForm = {} } 
                 
          -----------  Info (2019-06-03 13:16:43.3977) -----------  
        Additional Info: CART : CARTPRODUCTSCOUNT { responseStatusCode = 200 } { requestExecutedTime = 00:00:00.0009991 } { requestUrl = http://localhost:49621/en/Cabinet } { requestQuery = {} } { requestForm = {} } 
                 
          -----------  Info (2019-06-03 13:16:43.3977) -----------  
        Additional Info: CABINET : INDEX { responseStatusCode = 200 } { requestExecutedTime = 00:00:00.0030111 } { requestUrl = http://localhost:49621/en/Cabinet } { requestQuery = {} } { requestForm = {} } 
                 
          -----------  Info (2019-06-03 13:17:17.7590) -----------  
        Additional Info: CART : CARTPRODUCTSCOUNT { responseStatusCode = 200 } { requestExecutedTime = 00:00:00.0009969 } { requestUrl = http://localhost:49621/en/Cabinet } { requestQuery = {} } { requestForm = {} } 
                 
          -----------  Info (2019-06-03 13:17:17.7600) -----------  
        Additional Info: CABINET : INDEX { responseStatusCode = 200 } { requestExecutedTime = 00:00:00.0029950 } { requestUrl = http://localhost:49621/en/Cabinet } { requestQuery = {} } { requestForm = {} } 
                 
          -----------  Info (2019-06-03 13:17:36.1756) -----------  
        Additional Info: CART : CARTPRODUCTSCOUNT { responseStatusCode = 200 } { requestExecutedTime = 00:00:00 } { requestUrl = http://localhost:49621/en/Cabinet } { requestQuery = {} } { requestForm = {} } 
                 
          -----------  Info (2019-06-03 13:17:36.1756) -----------  
        Additional Info: CABINET : INDEX { responseStatusCode = 200 } { requestExecutedTime = 00:00:00.0030085 } { requestUrl = http://localhost:49621/en/Cabinet } { requestQuery = {} } { requestForm = {} } 
                 
          -----------  Info (2019-06-03 14:15:55.2808) -----------  
        Additional Info: HOME : INDEX { responseStatusCode = 302 } { requestExecutedTime = 737212.14:15:55.2798981 } { requestUrl = http://localhost:49621/ } { requestQuery = {} } { requestForm = {} } 
                 
          -----------  Info (2019-06-03 14:15:57.5632) -----------  
        Additional Info: ACCOUNT : LOGIN { responseStatusCode = 200 } { requestExecutedTime = 00:00:02.2034093 } { requestUrl = http://localhost:49621/en/Account/Login } { requestQuery = {} } { requestForm = {} } 
                 
