          -----------  Info (2019-06-03 04:12:32.2511) -----------  
        Additional Info: PRODUCT : GETBYTYPE { responseStatusCode = 200 } { requestExecutedTime = 00:00:00.0010000 } { requestUrl = http://localhost:49621/en/Product/GetByType?typeId=97c5d44e-5fdd-4bd1-bfc0-ce7d105acff8 } { requestQuery = {"typeId":"97c5d44e-5fdd-4bd1-bfc0-ce7d105acff8"} } { requestForm = {} } 
                 
          -----------  Info (2019-06-03 04:12:38.1065) -----------  
        Additional Info: CART : ADD { responseStatusCode = 200 } { requestExecutedTime = 00:00:00.0110006 } { requestUrl = http://localhost:49621/en/Cart/Add?productId=85a9321e-097a-4157-9363-9608d9147ad1 } { requestQuery = {"productId":"85a9321e-097a-4157-9363-9608d9147ad1"} } { requestForm = {} } 
                 
          -----------  Info (2019-06-03 04:12:42.0407) -----------  
        Additional Info: CART : CARTPRODUCTSCOUNT { responseStatusCode = 200 } { requestExecutedTime = 00:00:00.0010000 } { requestUrl = http://localhost:49621/en/Product } { requestQuery = {} } { requestForm = {} } 
                 
          -----------  Info (2019-06-03 04:12:42.0427) -----------  
        Additional Info: PRODUCT : INDEX { responseStatusCode = 200 } { requestExecutedTime = 00:00:00.0060004 } { requestUrl = http://localhost:49621/en/Product } { requestQuery = {} } { requestForm = {} } 
                 
          -----------  Info (2019-06-03 04:12:44.4438) -----------  
        Additional Info: CART : ADD { responseStatusCode = 200 } { requestExecutedTime = 00:00:00.0030002 } { requestUrl = http://localhost:49621/en/Cart/Add?productId=85a9321e-097a-4157-9363-9608d9147ad1 } { requestQuery = {"productId":"85a9321e-097a-4157-9363-9608d9147ad1"} } { requestForm = {} } 
                 
          -----------  Info (2019-06-03 04:12:54.6484) -----------  
        Additional Info: CART : CALCULATEPRICE { responseStatusCode = 200 } { requestExecutedTime = 00:00:00.0010001 } { requestUrl = http://localhost:49621/en/Cart/CalculatePrice?Day=6&Type=Heavy } { requestQuery = {"Day":"6","Type":"Heavy"} } { requestForm = {} } 
                 
          -----------  Info (2019-06-03 04:12:56.6265) -----------  
        Additional Info: CART : CALCULATEPRICE { responseStatusCode = 200 } { requestExecutedTime = 00:00:00.0010000 } { requestUrl = http://localhost:49621/en/Cart/CalculatePrice?Day=&Type=Heavy } { requestQuery = {"Day":"","Type":"Heavy"} } { requestForm = {} } 
                 
          -----------  Info (2019-06-03 04:12:57.6786) -----------  
        Additional Info: CART : CALCULATEPRICE { responseStatusCode = 200 } { requestExecutedTime = 00:00:00 } { requestUrl = http://localhost:49621/en/Cart/CalculatePrice?Day=2&Type=Heavy } { requestQuery = {"Day":"2","Type":"Heavy"} } { requestForm = {} } 
                 
          -----------  Info (2019-06-03 04:12:59.9407) -----------  
        Additional Info: CART : CALCULATEPRICE { responseStatusCode = 200 } { requestExecutedTime = 00:00:00 } { requestUrl = http://localhost:49621/en/Cart/CalculatePrice?Day=8&Type=Heavy } { requestQuery = {"Day":"8","Type":"Heavy"} } { requestForm = {} } 
                 
          -----------  Info (2019-06-03 04:13:03.1669) -----------  
        Additional Info: CART : ADD { responseStatusCode = 200 } { requestExecutedTime = 00:00:00 } { requestUrl = http://localhost:49621/en/Cart/Add } { requestQuery = {} } { requestForm = {"__RequestVerificationToken":"G4yS45dkzZFfm5DAEvP3bIFfku6ZhFrQHgeMMPbEmgUjXKo6F2-6idvb1G7n1YqAW96hLAKzaGBkvaLa66P-EfuFWDdNERl99vPcGOLiYv41","Id":"85a9321e-097a-4157-9363-9608d9147ad1","Point":"2","UserId":"58a6de6d-636b-4d0c-9a56-40fdf4fc9034","Name":"Caterpillar bulldozer","Type":"Heavy","Day":"8","PaymentDetail.OneTime":"100","PaymentDetail.Premium":"480","PaymentDetail.Regular":"0","X-Requested-With":"XMLHttpRequest"} } 
                 
          -----------  Info (2019-06-03 04:13:07.9982) -----------  
        Additional Info: CART : CARTPRODUCTSCOUNT { responseStatusCode = 200 } { requestExecutedTime = 00:00:00.0010000 } { requestUrl = http://localhost:49621/en/Cart } { requestQuery = {} } { requestForm = {} } 
                 
          -----------  Info (2019-06-03 04:13:07.9982) -----------  
        Additional Info: CART : INDEX { responseStatusCode = 200 } { requestExecutedTime = 00:00:00.0020001 } { requestUrl = http://localhost:49621/en/Cart } { requestQuery = {} } { requestForm = {} } 
                 
          -----------  Info (2019-06-03 04:13:10.2643) -----------  
        Additional Info: CART : GETINVOICE { responseStatusCode = 200 } { requestExecutedTime = 00:00:00.0060003 } { requestUrl = http://localhost:49621/en/Cart/GetInvoice?productId=85a9321e-097a-4157-9363-9608d9147ad1 } { requestQuery = {"productId":"85a9321e-097a-4157-9363-9608d9147ad1"} } { requestForm = {} } 
                 
          -----------  Info (2019-06-03 04:38:02.4336) -----------  
        Additional Info: CART : INDEX { responseStatusCode = 302 } { requestExecutedTime = 737212.04:38:02.4326931 } { requestUrl = http://localhost:49621/en/Cart } { requestQuery = {} } { requestForm = {} } 
                 
          -----------  Info (2019-06-03 04:38:06.1479) -----------  
        Additional Info: ACCOUNT : LOGIN { responseStatusCode = 200 } { requestExecutedTime = 00:00:03.5972058 } { requestUrl = http://localhost:49621/en/Account/Login } { requestQuery = {} } { requestForm = {} } 
                 
          -----------  Info (2019-06-03 04:38:15.9714) -----------  
        Additional Info: ACCOUNT : LOGIN { responseStatusCode = 200 } { requestExecutedTime = 00:00:00.0780045 } { requestUrl = http://localhost:49621/en/Account/Login } { requestQuery = {} } { requestForm = {"__RequestVerificationToken":"xu_olJsX2srOSgSLQp1_CzT1MOrEn2m7PGr2ov3W_thl9jlqFRVkRn5Be_iGDgI5nRayIllswToGfcfv3yV7QH4UpX_oQh6mR2Q4UosIUAI1","Email":"john@gmail.com","Password":"123","X-Requested-With":"XMLHttpRequest"} } 
                 
          -----------  Info (2019-06-03 04:38:16.0644) -----------  
        Additional Info: HOME : INDEX { responseStatusCode = 302 } { requestExecutedTime = 00:00:00.0040002 } { requestUrl = http://localhost:49621/ } { requestQuery = {} } { requestForm = {} } 
                 
          -----------  Info (2019-06-03 04:38:18.9446) -----------  
        Additional Info: CART : CARTPRODUCTSCOUNT { responseStatusCode = 200 } { requestExecutedTime = 00:00:00.6910395 } { requestUrl = http://localhost:49621/en/Product } { requestQuery = {} } { requestForm = {} } 
                 
          -----------  Info (2019-06-03 04:38:19.2706) -----------  
        Additional Info: PRODUCT : INDEX { responseStatusCode = 200 } { requestExecutedTime = 00:00:03.1771818 } { requestUrl = http://localhost:49621/en/Product } { requestQuery = {} } { requestForm = {} } 
                 
          -----------  Info (2019-06-03 04:38:22.6688) -----------  
        Additional Info: CART : ADD { responseStatusCode = 200 } { requestExecutedTime = 00:00:00.2120121 } { requestUrl = http://localhost:49621/en/Cart/Add?productId=502487e9-cbc8-43d9-9d80-bdd92fdda296 } { requestQuery = {"productId":"502487e9-cbc8-43d9-9d80-bdd92fdda296"} } { requestForm = {} } 
                 
          -----------  Info (2019-06-03 04:38:24.8129) -----------  
        Additional Info: CART : CALCULATEPRICE { responseStatusCode = 200 } { requestExecutedTime = 00:00:00.0030002 } { requestUrl = http://localhost:49621/en/Cart/CalculatePrice?Day=2&Type=Regular } { requestQuery = {"Day":"2","Type":"Regular"} } { requestForm = {} } 
                 
          -----------  Info (2019-06-03 04:38:25.7060) -----------  
        Additional Info: CART : ADD { responseStatusCode = 200 } { requestExecutedTime = 00:00:00.0060004 } { requestUrl = http://localhost:49621/en/Cart/Add } { requestQuery = {} } { requestForm = {"__RequestVerificationToken":"yDByZixiOvygo0UQhFL1Vch_Wee4X8qA4h9B4mt7IvL9mhMx_O36WJFPYtyk7ixbqxcNvE5Uh4BUrMWEZfXt5MPprRM0gJqavGaCK9jHOgE1","Id":"502487e9-cbc8-43d9-9d80-bdd92fdda296","Point":"1","UserId":"17bb1e34-bad7-46de-a916-9f398c22bf60","Name":"KamAZ truck","Type":"Regular","Day":"2","PaymentDetail.OneTime":"100","PaymentDetail.Premium":"120","PaymentDetail.Regular":"0","X-Requested-With":"XMLHttpRequest"} } 
                 
          -----------  Info (2019-06-03 04:38:26.7120) -----------  
        Additional Info: CART : ADD { responseStatusCode = 200 } { requestExecutedTime = 00:00:00.0040002 } { requestUrl = http://localhost:49621/en/Cart/Add?productId=502487e9-cbc8-43d9-9d80-bdd92fdda296 } { requestQuery = {"productId":"502487e9-cbc8-43d9-9d80-bdd92fdda296"} } { requestForm = {} } 
                 
          -----------  Info (2019-06-03 04:38:28.8872) -----------  
        Additional Info: CART : CALCULATEPRICE { responseStatusCode = 200 } { requestExecutedTime = 00:00:00 } { requestUrl = http://localhost:49621/en/Cart/CalculatePrice?Day=3&Type=Regular } { requestQuery = {"Day":"3","Type":"Regular"} } { requestForm = {} } 
                 
          -----------  Info (2019-06-03 04:38:29.9092) -----------  
        Additional Info: CART : ADD { responseStatusCode = 400 } { requestExecutedTime = 00:00:00.0030002 } { requestUrl = http://localhost:49621/en/Cart/Add } { requestQuery = {} } { requestForm = {"__RequestVerificationToken":"tF3CbEY7765Q4D8fihYSzG2UtLG6BFA2zVP5N2yYAFYIoPPIH5T0wXNTBFT7jgIHsPN5DyvpX7wrAZ_FO2Q526W8xnw88J0MLco4XSy2Ajo1","Id":"502487e9-cbc8-43d9-9d80-bdd92fdda296","Point":"1","UserId":"17bb1e34-bad7-46de-a916-9f398c22bf60","Name":"KamAZ truck","Type":"Regular","Day":"3","PaymentDetail.OneTime":"100","PaymentDetail.Premium":"120","PaymentDetail.Regular":"40","X-Requested-With":"XMLHttpRequest"} } 
                 
